# JRE version: OpenJDK Runtime Environment (8.0_242-b01) (build 1.8.0_242-release-1644-b01)
# Java VM: OpenJDK 64-Bit Server VM (25.242-b01 mixed mode windows-amd64 compressed oops)
Heap:
 PSYoungGen      total 345600K, used 32508K [0x00000000d5580000, 0x00000000ecf80000, 0x0000000100000000)
  eden space 325632K, 9% used [0x00000000d5580000,0x00000000d753f198,0x00000000e9380000)
  from space 19968K, 0% used [0x00000000eae80000,0x00000000eae80000,0x00000000ec200000)
  to   space 27648K, 0% used [0x00000000e9380000,0x00000000e9380000,0x00000000eae80000)
 ParOldGen       total 140800K, used 42746K [0x0000000080000000, 0x0000000088980000, 0x00000000d5580000)
  object space 140800K, 30% used [0x0000000080000000,0x00000000829bebb8,0x0000000088980000)
 Metaspace       used 58425K, capacity 60924K, committed 61096K, reserved 1101824K
  class space    used 8031K, capacity 8596K, committed 8624K, reserved 1048576K
GC Heap History (10 events):
Event: 3.530 GC heap before
{Heap before GC invocations=7 (full 1):
 PSYoungGen      total 141824K, used 48522K [0x00000000d5580000, 0x00000000e4a80000, 0x0000000100000000)
  eden space 131072K, 28% used [0x00000000d5580000,0x00000000d7a6a6e0,0x00000000dd580000)
  from space 10752K, 99% used [0x00000000dd580000,0x00000000ddff8240,0x00000000de000000)
  to   space 15872K, 0% used [0x00000000e3b00000,0x00000000e3b00000,0x00000000e4a80000)
 ParOldGen       total 93184K, used 10363K [0x0000000080000000, 0x0000000085b00000, 0x00000000d5580000)
  object space 93184K, 11% used [0x0000000080000000,0x0000000080a1eca8,0x0000000085b00000)
 Metaspace       used 34344K, capacity 35420K, committed 35496K, reserved 1079296K
  class space    used 4732K, capacity 5003K, committed 5040K, reserved 1048576K
Event: 3.541 GC heap after
Heap after GC invocations=7 (full 1):
 PSYoungGen      total 236032K, used 8392K [0x00000000d5580000, 0x00000000e4f00000, 0x0000000100000000)
  eden space 220160K, 0% used [0x00000000d5580000,0x00000000d5580000,0x00000000e2c80000)
  from space 15872K, 52% used [0x00000000e3b00000,0x00000000e4332278,0x00000000e4a80000)
  to   space 14848K, 0% used [0x00000000e2c80000,0x00000000e2c80000,0x00000000e3b00000)
 ParOldGen       total 93184K, used 10371K [0x0000000080000000, 0x0000000085b00000, 0x00000000d5580000)
  object space 93184K, 11% used [0x0000000080000000,0x0000000080a20ca8,0x0000000085b00000)
 Metaspace       used 34344K, capacity 35420K, committed 35496K, reserved 1079296K
  class space    used 4732K, capacity 5003K, committed 5040K, reserved 1048576K
}
Event: 3.541 GC heap before
{Heap before GC invocations=8 (full 2):
 PSYoungGen      total 236032K, used 8392K [0x00000000d5580000, 0x00000000e4f00000, 0x0000000100000000)
  eden space 220160K, 0% used [0x00000000d5580000,0x00000000d5580000,0x00000000e2c80000)
  from space 15872K, 52% used [0x00000000e3b00000,0x00000000e4332278,0x00000000e4a80000)
  to   space 14848K, 0% used [0x00000000e2c80000,0x00000000e2c80000,0x00000000e3b00000)
 ParOldGen       total 93184K, used 10371K [0x0000000080000000, 0x0000000085b00000, 0x00000000d5580000)
  object space 93184K, 11% used [0x0000000080000000,0x0000000080a20ca8,0x0000000085b00000)
 Metaspace       used 34344K, capacity 35420K, committed 35496K, reserved 1079296K
  class space    used 4732K, capacity 5003K, committed 5040K, reserved 1048576K
Event: 3.586 GC heap after
Heap after GC invocations=8 (full 2):
 PSYoungGen      total 236032K, used 0K [0x00000000d5580000, 0x00000000e4f00000, 0x0000000100000000)
  eden space 220160K, 0% used [0x00000000d5580000,0x00000000d5580000,0x00000000e2c80000)
  from space 15872K, 0% used [0x00000000e3b00000,0x00000000e3b00000,0x00000000e4a80000)
  to   space 14848K, 0% used [0x00000000e2c80000,0x00000000e2c80000,0x00000000e3b00000)
 ParOldGen       total 140800K, used 14852K [0x0000000080000000, 0x0000000088980000, 0x00000000d5580000)
  object space 140800K, 10% used [0x0000000080000000,0x0000000080e813f0,0x0000000088980000)
 Metaspace       used 34344K, capacity 35420K, committed 35496K, reserved 1079296K
  class space    used 4732K, capacity 5003K, committed 5040K, reserved 1048576K
}
Event: 4.953 GC heap before
{Heap before GC invocations=9 (full 2):
 PSYoungGen      total 236032K, used 220160K [0x00000000d5580000, 0x00000000e4f00000, 0x0000000100000000)
  eden space 220160K, 100% used [0x00000000d5580000,0x00000000e2c80000,0x00000000e2c80000)
  from space 15872K, 0% used [0x00000000e3b00000,0x00000000e3b00000,0x00000000e4a80000)
  to   space 14848K, 0% used [0x00000000e2c80000,0x00000000e2c80000,0x00000000e3b00000)
 ParOldGen       total 140800K, used 14852K [0x0000000080000000, 0x0000000088980000, 0x00000000d5580000)
  object space 140800K, 10% used [0x0000000080000000,0x0000000080e813f0,0x0000000088980000)
 Metaspace       used 45515K, capacity 47270K, committed 47528K, reserved 1089536K
  class space    used 6149K, capacity 6539K, committed 6576K, reserved 1048576K
Event: 4.970 GC heap after
Heap after GC invocations=9 (full 2):
 PSYoungGen      total 235008K, used 14842K [0x00000000d5580000, 0x00000000ec200000, 0x0000000100000000)
  eden space 220160K, 0% used [0x00000000d5580000,0x00000000d5580000,0x00000000e2c80000)
  from space 14848K, 99% used [0x00000000e2c80000,0x00000000e3afe940,0x00000000e3b00000)
  to   space 19968K, 0% used [0x00000000eae80000,0x00000000eae80000,0x00000000ec200000)
 ParOldGen       total 140800K, used 21154K [0x0000000080000000, 0x0000000088980000, 0x00000000d5580000)
  object space 140800K, 15% used [0x0000000080000000,0x00000000814a8968,0x0000000088980000)
 Metaspace       used 45515K, capacity 47270K, committed 47528K, reserved 1089536K
  class space    used 6149K, capacity 6539K, committed 6576K, reserved 1048576K
}
Event: 6.338 GC heap before
{Heap before GC invocations=10 (full 2):
 PSYoungGen      total 235008K, used 192817K [0x00000000d5580000, 0x00000000ec200000, 0x0000000100000000)
  eden space 220160K, 80% used [0x00000000d5580000,0x00000000e034de08,0x00000000e2c80000)
  from space 14848K, 99% used [0x00000000e2c80000,0x00000000e3afe940,0x00000000e3b00000)
  to   space 19968K, 0% used [0x00000000eae80000,0x00000000eae80000,0x00000000ec200000)
 ParOldGen       total 140800K, used 21154K [0x0000000080000000, 0x0000000088980000, 0x00000000d5580000)
  object space 140800K, 15% used [0x0000000080000000,0x00000000814a8968,0x0000000088980000)
 Metaspace       used 56706K, capacity 58984K, committed 59160K, reserved 1099776K
  class space    used 7743K, capacity 8254K, committed 8368K, reserved 1048576K
Event: 6.371 GC heap after
Heap after GC invocations=10 (full 2):
 PSYoungGen      total 345600K, used 19948K [0x00000000d5580000, 0x00000000ecf80000, 0x0000000100000000)
  eden space 325632K, 0% used [0x00000000d5580000,0x00000000d5580000,0x00000000e9380000)
  from space 19968K, 99% used [0x00000000eae80000,0x00000000ec1fb330,0x00000000ec200000)
  to   space 27648K, 0% used [0x00000000e9380000,0x00000000e9380000,0x00000000eae80000)
 ParOldGen       total 140800K, used 32081K [0x0000000080000000, 0x0000000088980000, 0x00000000d5580000)
  object space 140800K, 22% used [0x0000000080000000,0x0000000081f54470,0x0000000088980000)
 Metaspace       used 56706K, capacity 58984K, committed 59160K, reserved 1099776K
  class space    used 7743K, capacity 8254K, committed 8368K, reserved 1048576K
}
Event: 6.371 GC heap before
{Heap before GC invocations=11 (full 3):
 PSYoungGen      total 345600K, used 19948K [0x00000000d5580000, 0x00000000ecf80000, 0x0000000100000000)
  eden space 325632K, 0% used [0x00000000d5580000,0x00000000d5580000,0x00000000e9380000)
  from space 19968K, 99% used [0x00000000eae80000,0x00000000ec1fb330,0x00000000ec200000)
  to   space 27648K, 0% used [0x00000000e9380000,0x00000000e9380000,0x00000000eae80000)
 ParOldGen       total 140800K, used 32081K [0x0000000080000000, 0x0000000088980000, 0x00000000d5580000)
  object space 140800K, 22% used [0x0000000080000000,0x0000000081f54470,0x0000000088980000)
 Metaspace       used 56706K, capacity 58984K, committed 59160K, reserved 1099776K
  class space    used 7743K, capacity 8254K, committed 8368K, reserved 1048576K
Event: 6.622 GC heap after
Heap after GC invocations=11 (full 3):
 PSYoungGen      total 345600K, used 0K [0x00000000d5580000, 0x00000000ecf80000, 0x0000000100000000)
  eden space 325632K, 0% used [0x00000000d5580000,0x00000000d5580000,0x00000000e9380000)
  from space 19968K, 0% used [0x00000000eae80000,0x00000000eae80000,0x00000000ec200000)
  to   space 27648K, 0% used [0x00000000e9380000,0x00000000e9380000,0x00000000eae80000)
 ParOldGen       total 140800K, used 42746K [0x0000000080000000, 0x0000000088980000, 0x00000000d5580000)
  object space 140800K, 30% used [0x0000000080000000,0x00000000829bebb8,0x0000000088980000)
 Metaspace       used 56698K, capacity 58960K, committed 59160K, reserved 1099776K
  class space    used 7741K, capacity 8250K, committed 8368K, reserved 1048576K
}

