# JRE version: OpenJDK Runtime Environment (8.0_242-b01) (build 1.8.0_242-release-1644-b01)
# Java VM: OpenJDK 64-Bit Server VM (25.242-b01 mixed mode windows-amd64 compressed oops)
Heap:
 PSYoungGen      total 264704K, used 158825K [0x00000000d5580000, 0x00000000e8900000, 0x0000000100000000)
  eden space 240640K, 56% used [0x00000000d5580000,0x00000000dd91bf08,0x00000000e4080000)
  from space 24064K, 99% used [0x00000000e6180000,0x00000000e78fe6d0,0x00000000e7900000)
  to   space 33792K, 0% used [0x00000000e4080000,0x00000000e4080000,0x00000000e6180000)
 ParOldGen       total 226304K, used 66603K [0x0000000080000000, 0x000000008dd00000, 0x00000000d5580000)
  object space 226304K, 29% used [0x0000000080000000,0x000000008410add8,0x000000008dd00000)
 Metaspace       used 72475K, capacity 75772K, committed 76072K, reserved 1114112K
  class space    used 9761K, capacity 10454K, committed 10544K, reserved 1048576K
GC Heap History (10 events):
Event: 5.931 GC heap before
{Heap before GC invocations=11 (full 2):
 PSYoungGen      total 172032K, used 171947K [0x00000000d5580000, 0x00000000e1d80000, 0x0000000100000000)
  eden space 162304K, 100% used [0x00000000d5580000,0x00000000df400000,0x00000000df400000)
  from space 9728K, 99% used [0x00000000e1400000,0x00000000e1d6ae90,0x00000000e1d80000)
  to   space 11776K, 0% used [0x00000000e0680000,0x00000000e0680000,0x00000000e1200000)
 ParOldGen       total 140800K, used 14551K [0x0000000080000000, 0x0000000088980000, 0x00000000d5580000)
  object space 140800K, 10% used [0x0000000080000000,0x0000000080e35da8,0x0000000088980000)
 Metaspace       used 50949K, capacity 52934K, committed 53160K, reserved 1095680K
  class space    used 6821K, capacity 7247K, committed 7344K, reserved 1048576K
Event: 5.961 GC heap after
Heap after GC invocations=11 (full 2):
 PSYoungGen      total 193024K, used 11772K [0x00000000d5580000, 0x00000000e4800000, 0x0000000100000000)
  eden space 181248K, 0% used [0x00000000d5580000,0x00000000d5580000,0x00000000e0680000)
  from space 11776K, 99% used [0x00000000e0680000,0x00000000e11ff320,0x00000000e1200000)
  to   space 18944K, 0% used [0x00000000e3580000,0x00000000e3580000,0x00000000e4800000)
 ParOldGen       total 140800K, used 29537K [0x0000000080000000, 0x0000000088980000, 0x00000000d5580000)
  object space 140800K, 20% used [0x0000000080000000,0x0000000081cd86a8,0x0000000088980000)
 Metaspace       used 50949K, capacity 52934K, committed 53160K, reserved 1095680K
  class space    used 6821K, capacity 7247K, committed 7344K, reserved 1048576K
}
Event: 6.779 GC heap before
{Heap before GC invocations=12 (full 2):
 PSYoungGen      total 193024K, used 105372K [0x00000000d5580000, 0x00000000e4800000, 0x0000000100000000)
  eden space 181248K, 51% used [0x00000000d5580000,0x00000000db0e7d30,0x00000000e0680000)
  from space 11776K, 99% used [0x00000000e0680000,0x00000000e11ff320,0x00000000e1200000)
  to   space 18944K, 0% used [0x00000000e3580000,0x00000000e3580000,0x00000000e4800000)
 ParOldGen       total 140800K, used 29537K [0x0000000080000000, 0x0000000088980000, 0x00000000d5580000)
  object space 140800K, 20% used [0x0000000080000000,0x0000000081cd86a8,0x0000000088980000)
 Metaspace       used 56692K, capacity 59002K, committed 59160K, reserved 1099776K
  class space    used 7748K, capacity 8259K, committed 8368K, reserved 1048576K
Event: 6.801 GC heap after
Heap after GC invocations=12 (full 2):
 PSYoungGen      total 226304K, used 18915K [0x00000000d5580000, 0x00000000e6680000, 0x0000000100000000)
  eden space 207360K, 0% used [0x00000000d5580000,0x00000000d5580000,0x00000000e2000000)
  from space 18944K, 99% used [0x00000000e3580000,0x00000000e47f8e20,0x00000000e4800000)
  to   space 22016K, 0% used [0x00000000e2000000,0x00000000e2000000,0x00000000e3580000)
 ParOldGen       total 140800K, used 32433K [0x0000000080000000, 0x0000000088980000, 0x00000000d5580000)
  object space 140800K, 23% used [0x0000000080000000,0x0000000081fac4e0,0x0000000088980000)
 Metaspace       used 56692K, capacity 59002K, committed 59160K, reserved 1099776K
  class space    used 7748K, capacity 8259K, committed 8368K, reserved 1048576K
}
Event: 6.801 GC heap before
{Heap before GC invocations=13 (full 3):
 PSYoungGen      total 226304K, used 18915K [0x00000000d5580000, 0x00000000e6680000, 0x0000000100000000)
  eden space 207360K, 0% used [0x00000000d5580000,0x00000000d5580000,0x00000000e2000000)
  from space 18944K, 99% used [0x00000000e3580000,0x00000000e47f8e20,0x00000000e4800000)
  to   space 22016K, 0% used [0x00000000e2000000,0x00000000e2000000,0x00000000e3580000)
 ParOldGen       total 140800K, used 32433K [0x0000000080000000, 0x0000000088980000, 0x00000000d5580000)
  object space 140800K, 23% used [0x0000000080000000,0x0000000081fac4e0,0x0000000088980000)
 Metaspace       used 56692K, capacity 59002K, committed 59160K, reserved 1099776K
  class space    used 7748K, capacity 8259K, committed 8368K, reserved 1048576K
Event: 6.992 GC heap after
Heap after GC invocations=13 (full 3):
 PSYoungGen      total 226304K, used 0K [0x00000000d5580000, 0x00000000e6680000, 0x0000000100000000)
  eden space 207360K, 0% used [0x00000000d5580000,0x00000000d5580000,0x00000000e2000000)
  from space 18944K, 0% used [0x00000000e3580000,0x00000000e3580000,0x00000000e4800000)
  to   space 22016K, 0% used [0x00000000e2000000,0x00000000e2000000,0x00000000e3580000)
 ParOldGen       total 226304K, used 48226K [0x0000000080000000, 0x000000008dd00000, 0x00000000d5580000)
  object space 226304K, 21% used [0x0000000080000000,0x0000000082f189a8,0x000000008dd00000)
 Metaspace       used 56674K, capacity 58942K, committed 59160K, reserved 1099776K
  class space    used 7742K, capacity 8249K, committed 8368K, reserved 1048576K
}
Event: 9.247 GC heap before
{Heap before GC invocations=14 (full 3):
 PSYoungGen      total 226304K, used 207360K [0x00000000d5580000, 0x00000000e6680000, 0x0000000100000000)
  eden space 207360K, 100% used [0x00000000d5580000,0x00000000e2000000,0x00000000e2000000)
  from space 18944K, 0% used [0x00000000e3580000,0x00000000e3580000,0x00000000e4800000)
  to   space 22016K, 0% used [0x00000000e2000000,0x00000000e2000000,0x00000000e3580000)
 ParOldGen       total 226304K, used 48226K [0x0000000080000000, 0x000000008dd00000, 0x00000000d5580000)
  object space 226304K, 21% used [0x0000000080000000,0x0000000082f189a8,0x000000008dd00000)
 Metaspace       used 64343K, capacity 67398K, committed 67624K, reserved 1107968K
  class space    used 8866K, capacity 9469K, committed 9520K, reserved 1048576K
Event: 9.262 GC heap after
Heap after GC invocations=14 (full 3):
 PSYoungGen      total 229376K, used 19583K [0x00000000d5580000, 0x00000000e7900000, 0x0000000100000000)
  eden space 207360K, 0% used [0x00000000d5580000,0x00000000d5580000,0x00000000e2000000)
  from space 22016K, 88% used [0x00000000e2000000,0x00000000e331fd68,0x00000000e3580000)
  to   space 24064K, 0% used [0x00000000e6180000,0x00000000e6180000,0x00000000e7900000)
 ParOldGen       total 226304K, used 48234K [0x0000000080000000, 0x000000008dd00000, 0x00000000d5580000)
  object space 226304K, 21% used [0x0000000080000000,0x0000000082f1a9a8,0x000000008dd00000)
 Metaspace       used 64343K, capacity 67398K, committed 67624K, reserved 1107968K
  class space    used 8866K, capacity 9469K, committed 9520K, reserved 1048576K
}
Event: 11.884 GC heap before
{Heap before GC invocations=15 (full 3):
 PSYoungGen      total 229376K, used 226943K [0x00000000d5580000, 0x00000000e7900000, 0x0000000100000000)
  eden space 207360K, 100% used [0x00000000d5580000,0x00000000e2000000,0x00000000e2000000)
  from space 22016K, 88% used [0x00000000e2000000,0x00000000e331fd68,0x00000000e3580000)
  to   space 24064K, 0% used [0x00000000e6180000,0x00000000e6180000,0x00000000e7900000)
 ParOldGen       total 226304K, used 48234K [0x0000000080000000, 0x000000008dd00000, 0x00000000d5580000)
  object space 226304K, 21% used [0x0000000080000000,0x0000000082f1a9a8,0x000000008dd00000)
 Metaspace       used 66907K, capacity 70042K, committed 70312K, reserved 1110016K
  class space    used 9154K, capacity 9801K, committed 9904K, reserved 1048576K
Event: 11.914 GC heap after
Heap after GC invocations=15 (full 3):
 PSYoungGen      total 264704K, used 24057K [0x00000000d5580000, 0x00000000e8900000, 0x0000000100000000)
  eden space 240640K, 0% used [0x00000000d5580000,0x00000000d5580000,0x00000000e4080000)
  from space 24064K, 99% used [0x00000000e6180000,0x00000000e78fe6d0,0x00000000e7900000)
  to   space 33792K, 0% used [0x00000000e4080000,0x00000000e4080000,0x00000000e6180000)
 ParOldGen       total 226304K, used 66603K [0x0000000080000000, 0x000000008dd00000, 0x00000000d5580000)
  object space 226304K, 29% used [0x0000000080000000,0x000000008410add8,0x000000008dd00000)
 Metaspace       used 66907K, capacity 70042K, committed 70312K, reserved 1110016K
  class space    used 9154K, capacity 9801K, committed 9904K, reserved 1048576K
}

