# JRE version: OpenJDK Runtime Environment (8.0_242-b01) (build 1.8.0_242-release-1644-b01)
# Java VM: OpenJDK 64-Bit Server VM (25.242-b01 mixed mode windows-amd64 compressed oops)
Heap:
 PSYoungGen      total 433664K, used 99229K [0x00000000d5580000, 0x00000000f2480000, 0x0000000100000000)
  eden space 393216K, 15% used [0x00000000d5580000,0x00000000d8fa0d80,0x00000000ed580000)
  from space 40448K, 98% used [0x00000000ed580000,0x00000000efc46980,0x00000000efd00000)
  to   space 32256K, 0% used [0x00000000efd80000,0x00000000efd80000,0x00000000f1d00000)
 ParOldGen       total 213504K, used 86813K [0x0000000080000000, 0x000000008d080000, 0x00000000d5580000)
  object space 213504K, 40% used [0x0000000080000000,0x00000000854c7428,0x000000008d080000)
 Metaspace       used 92085K, capacity 96376K, committed 96472K, reserved 1132544K
  class space    used 12078K, capacity 13047K, committed 13056K, reserved 1048576K
GC Heap History (10 events):
Event: 6.830 GC heap before
{Heap before GC invocations=10 (full 2):
 PSYoungGen      total 235520K, used 149796K [0x00000000d5580000, 0x00000000ec200000, 0x0000000100000000)
  eden space 220160K, 61% used [0x00000000d5580000,0x00000000dd8d1348,0x00000000e2c80000)
  from space 15360K, 99% used [0x00000000e2c80000,0x00000000e3b78080,0x00000000e3b80000)
  to   space 20480K, 0% used [0x00000000eae00000,0x00000000eae00000,0x00000000ec200000)
 ParOldGen       total 143360K, used 22998K [0x0000000080000000, 0x0000000088c00000, 0x00000000d5580000)
  object space 143360K, 16% used [0x0000000080000000,0x0000000081675958,0x0000000088c00000)
 Metaspace       used 56363K, capacity 58834K, committed 58968K, reserved 1099776K
  class space    used 7439K, capacity 7983K, committed 8064K, reserved 1048576K
Event: 6.861 GC heap after
Heap after GC invocations=10 (full 2):
 PSYoungGen      total 347136K, used 20475K [0x00000000d5580000, 0x00000000ece80000, 0x0000000100000000)
  eden space 326656K, 0% used [0x00000000d5580000,0x00000000d5580000,0x00000000e9480000)
  from space 20480K, 99% used [0x00000000eae00000,0x00000000ec1fedd8,0x00000000ec200000)
  to   space 26112K, 0% used [0x00000000e9480000,0x00000000e9480000,0x00000000eae00000)
 ParOldGen       total 143360K, used 28669K [0x0000000080000000, 0x0000000088c00000, 0x00000000d5580000)
  object space 143360K, 19% used [0x0000000080000000,0x0000000081bff498,0x0000000088c00000)
 Metaspace       used 56363K, capacity 58834K, committed 58968K, reserved 1099776K
  class space    used 7439K, capacity 7983K, committed 8064K, reserved 1048576K
}
Event: 6.861 GC heap before
{Heap before GC invocations=11 (full 3):
 PSYoungGen      total 347136K, used 20475K [0x00000000d5580000, 0x00000000ece80000, 0x0000000100000000)
  eden space 326656K, 0% used [0x00000000d5580000,0x00000000d5580000,0x00000000e9480000)
  from space 20480K, 99% used [0x00000000eae00000,0x00000000ec1fedd8,0x00000000ec200000)
  to   space 26112K, 0% used [0x00000000e9480000,0x00000000e9480000,0x00000000eae00000)
 ParOldGen       total 143360K, used 28669K [0x0000000080000000, 0x0000000088c00000, 0x00000000d5580000)
  object space 143360K, 19% used [0x0000000080000000,0x0000000081bff498,0x0000000088c00000)
 Metaspace       used 56363K, capacity 58834K, committed 58968K, reserved 1099776K
  class space    used 7439K, capacity 7983K, committed 8064K, reserved 1048576K
Event: 7.035 GC heap after
Heap after GC invocations=11 (full 3):
 PSYoungGen      total 347136K, used 0K [0x00000000d5580000, 0x00000000ece80000, 0x0000000100000000)
  eden space 326656K, 0% used [0x00000000d5580000,0x00000000d5580000,0x00000000e9480000)
  from space 20480K, 0% used [0x00000000eae00000,0x00000000eae00000,0x00000000ec200000)
  to   space 26112K, 0% used [0x00000000e9480000,0x00000000e9480000,0x00000000eae00000)
 ParOldGen       total 213504K, used 40696K [0x0000000080000000, 0x000000008d080000, 0x00000000d5580000)
  object space 213504K, 19% used [0x0000000080000000,0x00000000827be158,0x000000008d080000)
 Metaspace       used 56309K, capacity 58660K, committed 58968K, reserved 1099776K
  class space    used 7423K, capacity 7932K, committed 8064K, reserved 1048576K
}
Event: 10.073 GC heap before
{Heap before GC invocations=12 (full 3):
 PSYoungGen      total 347136K, used 326656K [0x00000000d5580000, 0x00000000ece80000, 0x0000000100000000)
  eden space 326656K, 100% used [0x00000000d5580000,0x00000000e9480000,0x00000000e9480000)
  from space 20480K, 0% used [0x00000000eae00000,0x00000000eae00000,0x00000000ec200000)
  to   space 26112K, 0% used [0x00000000e9480000,0x00000000e9480000,0x00000000eae00000)
 ParOldGen       total 213504K, used 40696K [0x0000000080000000, 0x000000008d080000, 0x00000000d5580000)
  object space 213504K, 19% used [0x0000000080000000,0x00000000827be158,0x000000008d080000)
 Metaspace       used 75339K, capacity 78674K, committed 78936K, reserved 1118208K
  class space    used 10280K, capacity 11040K, committed 11136K, reserved 1048576K
Event: 10.103 GC heap after
Heap after GC invocations=12 (full 3):
 PSYoungGen      total 352768K, used 26091K [0x00000000d5580000, 0x00000000f1d00000, 0x0000000100000000)
  eden space 326656K, 0% used [0x00000000d5580000,0x00000000d5580000,0x00000000e9480000)
  from space 26112K, 99% used [0x00000000e9480000,0x00000000eadfac38,0x00000000eae00000)
  to   space 32256K, 0% used [0x00000000efd80000,0x00000000efd80000,0x00000000f1d00000)
 ParOldGen       total 213504K, used 46742K [0x0000000080000000, 0x000000008d080000, 0x00000000d5580000)
  object space 213504K, 21% used [0x0000000080000000,0x0000000082da5880,0x000000008d080000)
 Metaspace       used 75339K, capacity 78674K, committed 78936K, reserved 1118208K
  class space    used 10280K, capacity 11040K, committed 11136K, reserved 1048576K
}
Event: 15.877 GC heap before
{Heap before GC invocations=13 (full 3):
 PSYoungGen      total 352768K, used 352747K [0x00000000d5580000, 0x00000000f1d00000, 0x0000000100000000)
  eden space 326656K, 100% used [0x00000000d5580000,0x00000000e9480000,0x00000000e9480000)
  from space 26112K, 99% used [0x00000000e9480000,0x00000000eadfac38,0x00000000eae00000)
  to   space 32256K, 0% used [0x00000000efd80000,0x00000000efd80000,0x00000000f1d00000)
 ParOldGen       total 213504K, used 46742K [0x0000000080000000, 0x000000008d080000, 0x00000000d5580000)
  object space 213504K, 21% used [0x0000000080000000,0x0000000082da5880,0x000000008d080000)
 Metaspace       used 84164K, capacity 88078K, committed 88408K, reserved 1126400K
  class space    used 11224K, capacity 12080K, committed 12160K, reserved 1048576K
Event: 15.914 GC heap after
Heap after GC invocations=13 (full 3):
 PSYoungGen      total 425472K, used 32248K [0x00000000d5580000, 0x00000000f2480000, 0x0000000100000000)
  eden space 393216K, 0% used [0x00000000d5580000,0x00000000d5580000,0x00000000ed580000)
  from space 32256K, 99% used [0x00000000efd80000,0x00000000f1cfe3f8,0x00000000f1d00000)
  to   space 40448K, 0% used [0x00000000ed580000,0x00000000ed580000,0x00000000efd00000)
 ParOldGen       total 213504K, used 56801K [0x0000000080000000, 0x000000008d080000, 0x00000000d5580000)
  object space 213504K, 26% used [0x0000000080000000,0x00000000837784a8,0x000000008d080000)
 Metaspace       used 84164K, capacity 88078K, committed 88408K, reserved 1126400K
  class space    used 11224K, capacity 12080K, committed 12160K, reserved 1048576K
}
Event: 18.816 GC heap before
{Heap before GC invocations=14 (full 3):
 PSYoungGen      total 425472K, used 425464K [0x00000000d5580000, 0x00000000f2480000, 0x0000000100000000)
  eden space 393216K, 100% used [0x00000000d5580000,0x00000000ed580000,0x00000000ed580000)
  from space 32256K, 99% used [0x00000000efd80000,0x00000000f1cfe3f8,0x00000000f1d00000)
  to   space 40448K, 0% used [0x00000000ed580000,0x00000000ed580000,0x00000000efd00000)
 ParOldGen       total 213504K, used 56801K [0x0000000080000000, 0x000000008d080000, 0x00000000d5580000)
  object space 213504K, 26% used [0x0000000080000000,0x00000000837784a8,0x000000008d080000)
 Metaspace       used 91637K, capacity 95746K, committed 95960K, reserved 1132544K
  class space    used 12033K, capacity 12934K, committed 13056K, reserved 1048576K
Event: 18.868 GC heap after
Heap after GC invocations=14 (full 3):
 PSYoungGen      total 433664K, used 39706K [0x00000000d5580000, 0x00000000f2480000, 0x0000000100000000)
  eden space 393216K, 0% used [0x00000000d5580000,0x00000000d5580000,0x00000000ed580000)
  from space 40448K, 98% used [0x00000000ed580000,0x00000000efc46980,0x00000000efd00000)
  to   space 32256K, 0% used [0x00000000efd80000,0x00000000efd80000,0x00000000f1d00000)
 ParOldGen       total 213504K, used 86813K [0x0000000080000000, 0x000000008d080000, 0x00000000d5580000)
  object space 213504K, 40% used [0x0000000080000000,0x00000000854c7428,0x000000008d080000)
 Metaspace       used 91637K, capacity 95746K, committed 95960K, reserved 1132544K
  class space    used 12033K, capacity 12934K, committed 13056K, reserved 1048576K
}

