# JRE version: OpenJDK Runtime Environment (8.0_242-b01) (build 1.8.0_242-release-1644-b01)
# Java VM: OpenJDK 64-Bit Server VM (25.242-b01 mixed mode windows-amd64 compressed oops)
Heap:
 PSYoungGen      total 430080K, used 348039K [0x00000000d5580000, 0x00000000f2d00000, 0x0000000100000000)
  eden space 387584K, 78% used [0x00000000d5580000,0x00000000e7fe2cd8,0x00000000ed000000)
  from space 42496K, 99% used [0x00000000ed000000,0x00000000ef97f1e0,0x00000000ef980000)
  to   space 32256K, 0% used [0x00000000ef980000,0x00000000ef980000,0x00000000f1900000)
 ParOldGen       total 215040K, used 111515K [0x0000000080000000, 0x000000008d200000, 0x00000000d5580000)
  object space 215040K, 51% used [0x0000000080000000,0x0000000086ce6e60,0x000000008d200000)
 Metaspace       used 114148K, capacity 119364K, committed 119592K, reserved 1153024K
  class space    used 14619K, capacity 15593K, committed 15664K, reserved 1048576K
GC Heap History (10 events):
Event: 21.571 GC heap before
{Heap before GC invocations=19 (full 5):
 PSYoungGen      total 419840K, used 32250K [0x00000000d5580000, 0x00000000f2d00000, 0x0000000100000000)
  eden space 387584K, 0% used [0x00000000d5580000,0x00000000d5580000,0x00000000ed000000)
  from space 32256K, 99% used [0x00000000ef980000,0x00000000f18feab0,0x00000000f1900000)
  to   space 42496K, 0% used [0x00000000ed000000,0x00000000ed000000,0x00000000ef980000)
 ParOldGen       total 215040K, used 196287K [0x0000000080000000, 0x000000008d200000, 0x00000000d5580000)
  object space 215040K, 91% used [0x0000000080000000,0x000000008bfaffd0,0x000000008d200000)
 Metaspace       used 101311K, capacity 105656K, committed 105896K, reserved 1140736K
  class space    used 13329K, capacity 14203K, committed 14256K, reserved 1048576K
Event: 22.247 GC heap after
Heap after GC invocations=19 (full 5):
 PSYoungGen      total 419840K, used 3566K [0x00000000d5580000, 0x00000000f2d00000, 0x0000000100000000)
  eden space 387584K, 0% used [0x00000000d5580000,0x00000000d5580000,0x00000000ed000000)
  from space 32256K, 11% used [0x00000000ef980000,0x00000000efcfbbe8,0x00000000f1900000)
  to   space 42496K, 0% used [0x00000000ed000000,0x00000000ed000000,0x00000000ef980000)
 ParOldGen       total 215040K, used 214911K [0x0000000080000000, 0x000000008d200000, 0x00000000d5580000)
  object space 215040K, 99% used [0x0000000080000000,0x000000008d1dff20,0x000000008d200000)
 Metaspace       used 101267K, capacity 105562K, committed 105896K, reserved 1140736K
  class space    used 13313K, capacity 14174K, committed 14256K, reserved 1048576K
}
Event: 24.089 GC heap before
{Heap before GC invocations=20 (full 6):
 PSYoungGen      total 419840K, used 391150K [0x00000000d5580000, 0x00000000f2d00000, 0x0000000100000000)
  eden space 387584K, 100% used [0x00000000d5580000,0x00000000ed000000,0x00000000ed000000)
  from space 32256K, 11% used [0x00000000ef980000,0x00000000efcfbbe8,0x00000000f1900000)
  to   space 42496K, 0% used [0x00000000ed000000,0x00000000ed000000,0x00000000ef980000)
 ParOldGen       total 215040K, used 214911K [0x0000000080000000, 0x000000008d200000, 0x00000000d5580000)
  object space 215040K, 99% used [0x0000000080000000,0x000000008d1dff20,0x000000008d200000)
 Metaspace       used 104777K, capacity 109486K, committed 109864K, reserved 1144832K
  class space    used 13601K, capacity 14514K, committed 14640K, reserved 1048576K
Event: 24.937 GC heap after
Heap after GC invocations=20 (full 6):
 PSYoungGen      total 419840K, used 55094K [0x00000000d5580000, 0x00000000f2d00000, 0x0000000100000000)
  eden space 387584K, 14% used [0x00000000d5580000,0x00000000d8b4d990,0x00000000ed000000)
  from space 32256K, 0% used [0x00000000ef980000,0x00000000ef980000,0x00000000f1900000)
  to   space 42496K, 0% used [0x00000000ed000000,0x00000000ed000000,0x00000000ef980000)
 ParOldGen       total 215040K, used 214895K [0x0000000080000000, 0x000000008d200000, 0x00000000d5580000)
  object space 215040K, 99% used [0x0000000080000000,0x000000008d1dbd98,0x000000008d200000)
 Metaspace       used 104777K, capacity 109486K, committed 109864K, reserved 1144832K
  class space    used 13601K, capacity 14514K, committed 14640K, reserved 1048576K
}
Event: 26.191 GC heap before
{Heap before GC invocations=21 (full 7):
 PSYoungGen      total 419840K, used 387584K [0x00000000d5580000, 0x00000000f2d00000, 0x0000000100000000)
  eden space 387584K, 100% used [0x00000000d5580000,0x00000000ed000000,0x00000000ed000000)
  from space 32256K, 0% used [0x00000000ef980000,0x00000000ef980000,0x00000000f1900000)
  to   space 42496K, 0% used [0x00000000ed000000,0x00000000ed000000,0x00000000ef980000)
 ParOldGen       total 215040K, used 214895K [0x0000000080000000, 0x000000008d200000, 0x00000000d5580000)
  object space 215040K, 99% used [0x0000000080000000,0x000000008d1dbd98,0x000000008d200000)
 Metaspace       used 105573K, capacity 110622K, committed 110760K, reserved 1144832K
  class space    used 13692K, capacity 14658K, committed 14768K, reserved 1048576K
Event: 26.921 GC heap after
Heap after GC invocations=21 (full 7):
 PSYoungGen      total 419840K, used 104667K [0x00000000d5580000, 0x00000000f2d00000, 0x0000000100000000)
  eden space 387584K, 27% used [0x00000000d5580000,0x00000000dbbb6d08,0x00000000ed000000)
  from space 32256K, 0% used [0x00000000ef980000,0x00000000ef980000,0x00000000f1900000)
  to   space 42496K, 0% used [0x00000000ed000000,0x00000000ed000000,0x00000000ef980000)
 ParOldGen       total 215040K, used 214566K [0x0000000080000000, 0x000000008d200000, 0x00000000d5580000)
  object space 215040K, 99% used [0x0000000080000000,0x000000008d1899a0,0x000000008d200000)
 Metaspace       used 105573K, capacity 110622K, committed 110760K, reserved 1144832K
  class space    used 13692K, capacity 14658K, committed 14768K, reserved 1048576K
}
Event: 28.060 GC heap before
{Heap before GC invocations=22 (full 8):
 PSYoungGen      total 419840K, used 387584K [0x00000000d5580000, 0x00000000f2d00000, 0x0000000100000000)
  eden space 387584K, 100% used [0x00000000d5580000,0x00000000ed000000,0x00000000ed000000)
  from space 32256K, 0% used [0x00000000ef980000,0x00000000ef980000,0x00000000f1900000)
  to   space 42496K, 0% used [0x00000000ed000000,0x00000000ed000000,0x00000000ef980000)
 ParOldGen       total 215040K, used 214566K [0x0000000080000000, 0x000000008d200000, 0x00000000d5580000)
  object space 215040K, 99% used [0x0000000080000000,0x000000008d1899a0,0x000000008d200000)
 Metaspace       used 105896K, capacity 110896K, committed 111016K, reserved 1144832K
  class space    used 13696K, capacity 14659K, committed 14768K, reserved 1048576K
Event: 28.269 GC heap after
Heap after GC invocations=22 (full 8):
 PSYoungGen      total 419840K, used 0K [0x00000000d5580000, 0x00000000f2d00000, 0x0000000100000000)
  eden space 387584K, 0% used [0x00000000d5580000,0x00000000d5580000,0x00000000ed000000)
  from space 32256K, 0% used [0x00000000ef980000,0x00000000ef980000,0x00000000f1900000)
  to   space 42496K, 0% used [0x00000000ed000000,0x00000000ed000000,0x00000000ef980000)
 ParOldGen       total 215040K, used 110899K [0x0000000080000000, 0x000000008d200000, 0x00000000d5580000)
  object space 215040K, 51% used [0x0000000080000000,0x0000000086c4cf78,0x000000008d200000)
 Metaspace       used 105896K, capacity 110896K, committed 111016K, reserved 1144832K
  class space    used 13696K, capacity 14659K, committed 14768K, reserved 1048576K
}
Event: 30.899 GC heap before
{Heap before GC invocations=23 (full 8):
 PSYoungGen      total 419840K, used 387584K [0x00000000d5580000, 0x00000000f2d00000, 0x0000000100000000)
  eden space 387584K, 100% used [0x00000000d5580000,0x00000000ed000000,0x00000000ed000000)
  from space 32256K, 0% used [0x00000000ef980000,0x00000000ef980000,0x00000000f1900000)
  to   space 42496K, 0% used [0x00000000ed000000,0x00000000ed000000,0x00000000ef980000)
 ParOldGen       total 215040K, used 110899K [0x0000000080000000, 0x000000008d200000, 0x00000000d5580000)
  object space 215040K, 51% used [0x0000000080000000,0x0000000086c4cf78,0x000000008d200000)
 Metaspace       used 107416K, capacity 112430K, committed 112680K, reserved 1146880K
  class space    used 13851K, capacity 14822K, committed 14896K, reserved 1048576K
Event: 30.928 GC heap after
Heap after GC invocations=23 (full 8):
 PSYoungGen      total 430080K, used 42492K [0x00000000d5580000, 0x00000000f2d00000, 0x0000000100000000)
  eden space 387584K, 0% used [0x00000000d5580000,0x00000000d5580000,0x00000000ed000000)
  from space 42496K, 99% used [0x00000000ed000000,0x00000000ef97f1e0,0x00000000ef980000)
  to   space 32256K, 0% used [0x00000000ef980000,0x00000000ef980000,0x00000000f1900000)
 ParOldGen       total 215040K, used 111515K [0x0000000080000000, 0x000000008d200000, 0x00000000d5580000)
  object space 215040K, 51% used [0x0000000080000000,0x0000000086ce6e60,0x000000008d200000)
 Metaspace       used 107416K, capacity 112430K, committed 112680K, reserved 1146880K
  class space    used 13851K, capacity 14822K, committed 14896K, reserved 1048576K
}

