# JRE version: OpenJDK Runtime Environment (8.0_242-b01) (build 1.8.0_242-release-1644-b01)
# Java VM: OpenJDK 64-Bit Server VM (25.242-b01 mixed mode windows-amd64 compressed oops)
Heap:
 PSYoungGen      total 243712K, used 83875K [0x00000000d5580000, 0x00000000eca80000, 0x0000000100000000)
  eden space 224256K, 37% used [0x00000000d5580000,0x00000000da768f28,0x00000000e3080000)
  from space 19456K, 0% used [0x00000000eb780000,0x00000000eb780000,0x00000000eca80000)
  to   space 14848K, 0% used [0x00000000e3080000,0x00000000e3080000,0x00000000e3f00000)
 ParOldGen       total 135168K, used 42785K [0x0000000080000000, 0x0000000088400000, 0x00000000d5580000)
  object space 135168K, 31% used [0x0000000080000000,0x00000000829c8628,0x0000000088400000)
 Metaspace       used 61958K, capacity 64504K, committed 64808K, reserved 1105920K
  class space    used 8593K, capacity 9166K, committed 9264K, reserved 1048576K
GC Heap History (10 events):
Event: 3.511 GC heap before
{Heap before GC invocations=7 (full 1):
 PSYoungGen      total 141824K, used 46330K [0x00000000d5580000, 0x00000000e4e80000, 0x0000000100000000)
  eden space 131072K, 27% used [0x00000000d5580000,0x00000000d78456c0,0x00000000dd580000)
  from space 10752K, 99% used [0x00000000dd580000,0x00000000ddff9530,0x00000000de000000)
  to   space 15360K, 0% used [0x00000000e3f80000,0x00000000e3f80000,0x00000000e4e80000)
 ParOldGen       total 90624K, used 10490K [0x0000000080000000, 0x0000000085880000, 0x00000000d5580000)
  object space 90624K, 11% used [0x0000000080000000,0x0000000080a3e998,0x0000000085880000)
 Metaspace       used 34366K, capacity 35420K, committed 35496K, reserved 1079296K
  class space    used 4732K, capacity 5003K, committed 5040K, reserved 1048576K
Event: 3.519 GC heap after
Heap after GC invocations=7 (full 1):
 PSYoungGen      total 238592K, used 8310K [0x00000000d5580000, 0x00000000e4d80000, 0x0000000100000000)
  eden space 224256K, 0% used [0x00000000d5580000,0x00000000d5580000,0x00000000e3080000)
  from space 14336K, 57% used [0x00000000e3f80000,0x00000000e479db38,0x00000000e4d80000)
  to   space 14848K, 0% used [0x00000000e3080000,0x00000000e3080000,0x00000000e3f00000)
 ParOldGen       total 90624K, used 10498K [0x0000000080000000, 0x0000000085880000, 0x00000000d5580000)
  object space 90624K, 11% used [0x0000000080000000,0x0000000080a40998,0x0000000085880000)
 Metaspace       used 34366K, capacity 35420K, committed 35496K, reserved 1079296K
  class space    used 4732K, capacity 5003K, committed 5040K, reserved 1048576K
}
Event: 3.519 GC heap before
{Heap before GC invocations=8 (full 2):
 PSYoungGen      total 238592K, used 8310K [0x00000000d5580000, 0x00000000e4d80000, 0x0000000100000000)
  eden space 224256K, 0% used [0x00000000d5580000,0x00000000d5580000,0x00000000e3080000)
  from space 14336K, 57% used [0x00000000e3f80000,0x00000000e479db38,0x00000000e4d80000)
  to   space 14848K, 0% used [0x00000000e3080000,0x00000000e3080000,0x00000000e3f00000)
 ParOldGen       total 90624K, used 10498K [0x0000000080000000, 0x0000000085880000, 0x00000000d5580000)
  object space 90624K, 11% used [0x0000000080000000,0x0000000080a40998,0x0000000085880000)
 Metaspace       used 34366K, capacity 35420K, committed 35496K, reserved 1079296K
  class space    used 4732K, capacity 5003K, committed 5040K, reserved 1048576K
Event: 3.563 GC heap after
Heap after GC invocations=8 (full 2):
 PSYoungGen      total 238592K, used 0K [0x00000000d5580000, 0x00000000e4d80000, 0x0000000100000000)
  eden space 224256K, 0% used [0x00000000d5580000,0x00000000d5580000,0x00000000e3080000)
  from space 14336K, 0% used [0x00000000e3f80000,0x00000000e3f80000,0x00000000e4d80000)
  to   space 14848K, 0% used [0x00000000e3080000,0x00000000e3080000,0x00000000e3f00000)
 ParOldGen       total 135168K, used 14817K [0x0000000080000000, 0x0000000088400000, 0x00000000d5580000)
  object space 135168K, 10% used [0x0000000080000000,0x0000000080e78408,0x0000000088400000)
 Metaspace       used 34366K, capacity 35420K, committed 35496K, reserved 1079296K
  class space    used 4732K, capacity 5003K, committed 5040K, reserved 1048576K
}
Event: 5.204 GC heap before
{Heap before GC invocations=9 (full 2):
 PSYoungGen      total 238592K, used 224256K [0x00000000d5580000, 0x00000000e4d80000, 0x0000000100000000)
  eden space 224256K, 100% used [0x00000000d5580000,0x00000000e3080000,0x00000000e3080000)
  from space 14336K, 0% used [0x00000000e3f80000,0x00000000e3f80000,0x00000000e4d80000)
  to   space 14848K, 0% used [0x00000000e3080000,0x00000000e3080000,0x00000000e3f00000)
 ParOldGen       total 135168K, used 14817K [0x0000000080000000, 0x0000000088400000, 0x00000000d5580000)
  object space 135168K, 10% used [0x0000000080000000,0x0000000080e78408,0x0000000088400000)
 Metaspace       used 45587K, capacity 47354K, committed 47528K, reserved 1089536K
  class space    used 6161K, capacity 6571K, committed 6576K, reserved 1048576K
Event: 5.224 GC heap after
Heap after GC invocations=9 (full 2):
 PSYoungGen      total 239104K, used 14835K [0x00000000d5580000, 0x00000000eca80000, 0x0000000100000000)
  eden space 224256K, 0% used [0x00000000d5580000,0x00000000d5580000,0x00000000e3080000)
  from space 14848K, 99% used [0x00000000e3080000,0x00000000e3efcf88,0x00000000e3f00000)
  to   space 19456K, 0% used [0x00000000eb780000,0x00000000eb780000,0x00000000eca80000)
 ParOldGen       total 135168K, used 19712K [0x0000000080000000, 0x0000000088400000, 0x00000000d5580000)
  object space 135168K, 14% used [0x0000000080000000,0x0000000081340318,0x0000000088400000)
 Metaspace       used 45587K, capacity 47354K, committed 47528K, reserved 1089536K
  class space    used 6161K, capacity 6571K, committed 6576K, reserved 1048576K
}
Event: 6.854 GC heap before
{Heap before GC invocations=10 (full 2):
 PSYoungGen      total 239104K, used 193680K [0x00000000d5580000, 0x00000000eca80000, 0x0000000100000000)
  eden space 224256K, 79% used [0x00000000d5580000,0x00000000e04271b8,0x00000000e3080000)
  from space 14848K, 99% used [0x00000000e3080000,0x00000000e3efcf88,0x00000000e3f00000)
  to   space 19456K, 0% used [0x00000000eb780000,0x00000000eb780000,0x00000000eca80000)
 ParOldGen       total 135168K, used 19712K [0x0000000080000000, 0x0000000088400000, 0x00000000d5580000)
  object space 135168K, 14% used [0x0000000080000000,0x0000000081340318,0x0000000088400000)
 Metaspace       used 56765K, capacity 59042K, committed 59160K, reserved 1099776K
  class space    used 7756K, capacity 8255K, committed 8368K, reserved 1048576K
Event: 6.891 GC heap after
Heap after GC invocations=10 (full 2):
 PSYoungGen      total 243712K, used 19436K [0x00000000d5580000, 0x00000000eca80000, 0x0000000100000000)
  eden space 224256K, 0% used [0x00000000d5580000,0x00000000d5580000,0x00000000e3080000)
  from space 19456K, 99% used [0x00000000eb780000,0x00000000eca7b310,0x00000000eca80000)
  to   space 14848K, 0% used [0x00000000e3080000,0x00000000e3080000,0x00000000e3f00000)
 ParOldGen       total 135168K, used 31164K [0x0000000080000000, 0x0000000088400000, 0x00000000d5580000)
  object space 135168K, 23% used [0x0000000080000000,0x0000000081e6f368,0x0000000088400000)
 Metaspace       used 56765K, capacity 59042K, committed 59160K, reserved 1099776K
  class space    used 7756K, capacity 8255K, committed 8368K, reserved 1048576K
}
Event: 6.891 GC heap before
{Heap before GC invocations=11 (full 3):
 PSYoungGen      total 243712K, used 19436K [0x00000000d5580000, 0x00000000eca80000, 0x0000000100000000)
  eden space 224256K, 0% used [0x00000000d5580000,0x00000000d5580000,0x00000000e3080000)
  from space 19456K, 99% used [0x00000000eb780000,0x00000000eca7b310,0x00000000eca80000)
  to   space 14848K, 0% used [0x00000000e3080000,0x00000000e3080000,0x00000000e3f00000)
 ParOldGen       total 135168K, used 31164K [0x0000000080000000, 0x0000000088400000, 0x00000000d5580000)
  object space 135168K, 23% used [0x0000000080000000,0x0000000081e6f368,0x0000000088400000)
 Metaspace       used 56765K, capacity 59042K, committed 59160K, reserved 1099776K
  class space    used 7756K, capacity 8255K, committed 8368K, reserved 1048576K
Event: 7.073 GC heap after
Heap after GC invocations=11 (full 3):
 PSYoungGen      total 243712K, used 0K [0x00000000d5580000, 0x00000000eca80000, 0x0000000100000000)
  eden space 224256K, 0% used [0x00000000d5580000,0x00000000d5580000,0x00000000e3080000)
  from space 19456K, 0% used [0x00000000eb780000,0x00000000eb780000,0x00000000eca80000)
  to   space 14848K, 0% used [0x00000000e3080000,0x00000000e3080000,0x00000000e3f00000)
 ParOldGen       total 135168K, used 42785K [0x0000000080000000, 0x0000000088400000, 0x00000000d5580000)
  object space 135168K, 31% used [0x0000000080000000,0x00000000829c8628,0x0000000088400000)
 Metaspace       used 56758K, capacity 59018K, committed 59160K, reserved 1099776K
  class space    used 7754K, capacity 8251K, committed 8368K, reserved 1048576K
}

