# JRE version: OpenJDK Runtime Environment (8.0_242-b01) (build 1.8.0_242-release-1644-b01)
# Java VM: OpenJDK 64-Bit Server VM (25.242-b01 mixed mode windows-amd64 compressed oops)
Heap:
 PSYoungGen      total 411648K, used 7913K [0x00000000d5580000, 0x00000000f5680000, 0x0000000100000000)
  eden space 377856K, 2% used [0x00000000d5580000,0x00000000d5d3a4c8,0x00000000ec680000)
  from space 33792K, 0% used [0x00000000ec680000,0x00000000ec680000,0x00000000ee780000)
  to   space 43008K, 0% used [0x00000000f2c80000,0x00000000f2c80000,0x00000000f5680000)
 ParOldGen       total 224768K, used 111323K [0x0000000080000000, 0x000000008db80000, 0x00000000d5580000)
  object space 224768K, 49% used [0x0000000080000000,0x0000000086cb6e90,0x000000008db80000)
 Metaspace       used 94886K, capacity 98516K, committed 98856K, reserved 1134592K
  class space    used 12220K, capacity 12961K, committed 12976K, reserved 1048576K
GC Heap History (10 events):
Event: 14.149 GC heap before
{Heap before GC invocations=13 (full 3):
 PSYoungGen      total 349184K, used 349155K [0x00000000d5580000, 0x00000000f0c80000, 0x0000000100000000)
  eden space 321536K, 100% used [0x00000000d5580000,0x00000000e8f80000,0x00000000e8f80000)
  from space 27648K, 99% used [0x00000000e8f80000,0x00000000eaa78d60,0x00000000eaa80000)
  to   space 32256K, 0% used [0x00000000eed00000,0x00000000eed00000,0x00000000f0c80000)
 ParOldGen       total 224768K, used 43078K [0x0000000080000000, 0x000000008db80000, 0x00000000d5580000)
  object space 224768K, 19% used [0x0000000080000000,0x0000000082a11a50,0x000000008db80000)
 Metaspace       used 72918K, capacity 76128K, committed 76200K, reserved 1116160K
  class space    used 9753K, capacity 10388K, committed 10416K, reserved 1048576K
Event: 14.168 GC heap after
Heap after GC invocations=13 (full 3):
 PSYoungGen      total 406016K, used 24105K [0x00000000d5580000, 0x00000000f0880000, 0x0000000100000000)
  eden space 377856K, 0% used [0x00000000d5580000,0x00000000d5580000,0x00000000ec680000)
  from space 28160K, 85% used [0x00000000eed00000,0x00000000f048a6c0,0x00000000f0880000)
  to   space 33792K, 0% used [0x00000000ec680000,0x00000000ec680000,0x00000000ee780000)
 ParOldGen       total 224768K, used 43177K [0x0000000080000000, 0x000000008db80000, 0x00000000d5580000)
  object space 224768K, 19% used [0x0000000080000000,0x0000000082a2a660,0x000000008db80000)
 Metaspace       used 72918K, capacity 76128K, committed 76200K, reserved 1116160K
  class space    used 9753K, capacity 10388K, committed 10416K, reserved 1048576K
}
Event: 17.884 GC heap before
{Heap before GC invocations=14 (full 3):
 PSYoungGen      total 406016K, used 401961K [0x00000000d5580000, 0x00000000f0880000, 0x0000000100000000)
  eden space 377856K, 100% used [0x00000000d5580000,0x00000000ec680000,0x00000000ec680000)
  from space 28160K, 85% used [0x00000000eed00000,0x00000000f048a6c0,0x00000000f0880000)
  to   space 33792K, 0% used [0x00000000ec680000,0x00000000ec680000,0x00000000ee780000)
 ParOldGen       total 224768K, used 43177K [0x0000000080000000, 0x000000008db80000, 0x00000000d5580000)
  object space 224768K, 19% used [0x0000000080000000,0x0000000082a2a660,0x000000008db80000)
 Metaspace       used 78839K, capacity 82198K, committed 82344K, reserved 1120256K
  class space    used 10417K, capacity 11095K, committed 11184K, reserved 1048576K
Event: 17.915 GC heap after
Heap after GC invocations=14 (full 3):
 PSYoungGen      total 411648K, used 33766K [0x00000000d5580000, 0x00000000f5680000, 0x0000000100000000)
  eden space 377856K, 0% used [0x00000000d5580000,0x00000000d5580000,0x00000000ec680000)
  from space 33792K, 99% used [0x00000000ec680000,0x00000000ee779808,0x00000000ee780000)
  to   space 43008K, 0% used [0x00000000f2c80000,0x00000000f2c80000,0x00000000f5680000)
 ParOldGen       total 224768K, used 54321K [0x0000000080000000, 0x000000008db80000, 0x00000000d5580000)
  object space 224768K, 24% used [0x0000000080000000,0x000000008350c458,0x000000008db80000)
 Metaspace       used 78839K, capacity 82198K, committed 82344K, reserved 1120256K
  class space    used 10417K, capacity 11095K, committed 11184K, reserved 1048576K
}
Event: 21.657 GC heap before
{Heap before GC invocations=15 (full 3):
 PSYoungGen      total 411648K, used 411622K [0x00000000d5580000, 0x00000000f5680000, 0x0000000100000000)
  eden space 377856K, 100% used [0x00000000d5580000,0x00000000ec680000,0x00000000ec680000)
  from space 33792K, 99% used [0x00000000ec680000,0x00000000ee779808,0x00000000ee780000)
  to   space 43008K, 0% used [0x00000000f2c80000,0x00000000f2c80000,0x00000000f5680000)
 ParOldGen       total 224768K, used 54321K [0x0000000080000000, 0x000000008db80000, 0x00000000d5580000)
  object space 224768K, 24% used [0x0000000080000000,0x000000008350c458,0x000000008db80000)
 Metaspace       used 93562K, capacity 97282K, committed 97576K, reserved 1134592K
  class space    used 12104K, capacity 12840K, committed 12848K, reserved 1048576K
Event: 21.800 GC heap after
Heap after GC invocations=15 (full 3):
 PSYoungGen      total 420864K, used 42976K [0x00000000d5580000, 0x00000000f5680000, 0x0000000100000000)
  eden space 377856K, 0% used [0x00000000d5580000,0x00000000d5580000,0x00000000ec680000)
  from space 43008K, 99% used [0x00000000f2c80000,0x00000000f56782e8,0x00000000f5680000)
  to   space 33792K, 0% used [0x00000000ec680000,0x00000000ec680000,0x00000000ee780000)
 ParOldGen       total 224768K, used 156251K [0x0000000080000000, 0x000000008db80000, 0x00000000d5580000)
  object space 224768K, 69% used [0x0000000080000000,0x0000000089896f70,0x000000008db80000)
 Metaspace       used 93562K, capacity 97282K, committed 97576K, reserved 1134592K
  class space    used 12104K, capacity 12840K, committed 12848K, reserved 1048576K
}
Event: 22.451 GC heap before
{Heap before GC invocations=16 (full 3):
 PSYoungGen      total 420864K, used 212461K [0x00000000d5580000, 0x00000000f5680000, 0x0000000100000000)
  eden space 377856K, 44% used [0x00000000d5580000,0x00000000dfb031f8,0x00000000ec680000)
  from space 43008K, 99% used [0x00000000f2c80000,0x00000000f56782e8,0x00000000f5680000)
  to   space 33792K, 0% used [0x00000000ec680000,0x00000000ec680000,0x00000000ee780000)
 ParOldGen       total 224768K, used 156251K [0x0000000080000000, 0x000000008db80000, 0x00000000d5580000)
  object space 224768K, 69% used [0x0000000080000000,0x0000000089896f70,0x000000008db80000)
 Metaspace       used 94775K, capacity 98460K, committed 98600K, reserved 1134592K
  class space    used 12225K, capacity 12973K, committed 12976K, reserved 1048576K
Event: 22.504 GC heap after
Heap after GC invocations=16 (full 3):
 PSYoungGen      total 411648K, used 33773K [0x00000000d5580000, 0x00000000f5680000, 0x0000000100000000)
  eden space 377856K, 0% used [0x00000000d5580000,0x00000000d5580000,0x00000000ec680000)
  from space 33792K, 99% used [0x00000000ec680000,0x00000000ee77b458,0x00000000ee780000)
  to   space 43008K, 0% used [0x00000000f2c80000,0x00000000f2c80000,0x00000000f5680000)
 ParOldGen       total 224768K, used 198852K [0x0000000080000000, 0x000000008db80000, 0x00000000d5580000)
  object space 224768K, 88% used [0x0000000080000000,0x000000008c231128,0x000000008db80000)
 Metaspace       used 94775K, capacity 98460K, committed 98600K, reserved 1134592K
  class space    used 12225K, capacity 12973K, committed 12976K, reserved 1048576K
}
Event: 22.504 GC heap before
{Heap before GC invocations=17 (full 4):
 PSYoungGen      total 411648K, used 33773K [0x00000000d5580000, 0x00000000f5680000, 0x0000000100000000)
  eden space 377856K, 0% used [0x00000000d5580000,0x00000000d5580000,0x00000000ec680000)
  from space 33792K, 99% used [0x00000000ec680000,0x00000000ee77b458,0x00000000ee780000)
  to   space 43008K, 0% used [0x00000000f2c80000,0x00000000f2c80000,0x00000000f5680000)
 ParOldGen       total 224768K, used 198852K [0x0000000080000000, 0x000000008db80000, 0x00000000d5580000)
  object space 224768K, 88% used [0x0000000080000000,0x000000008c231128,0x000000008db80000)
 Metaspace       used 94775K, capacity 98460K, committed 98600K, reserved 1134592K
  class space    used 12225K, capacity 12973K, committed 12976K, reserved 1048576K
Event: 22.845 GC heap after
Heap after GC invocations=17 (full 4):
 PSYoungGen      total 411648K, used 0K [0x00000000d5580000, 0x00000000f5680000, 0x0000000100000000)
  eden space 377856K, 0% used [0x00000000d5580000,0x00000000d5580000,0x00000000ec680000)
  from space 33792K, 0% used [0x00000000ec680000,0x00000000ec680000,0x00000000ee780000)
  to   space 43008K, 0% used [0x00000000f2c80000,0x00000000f2c80000,0x00000000f5680000)
 ParOldGen       total 224768K, used 111323K [0x0000000080000000, 0x000000008db80000, 0x00000000d5580000)
  object space 224768K, 49% used [0x0000000080000000,0x0000000086cb6e90,0x000000008db80000)
 Metaspace       used 94753K, capacity 98388K, committed 98600K, reserved 1134592K
  class space    used 12219K, capacity 12961K, committed 12976K, reserved 1048576K
}

