# JRE version: OpenJDK Runtime Environment (8.0_242-b01) (build 1.8.0_242-release-1644-b01)
# Java VM: OpenJDK 64-Bit Server VM (25.242-b01 mixed mode windows-amd64 compressed oops)
Heap:
 PSYoungGen      total 355840K, used 89497K [0x00000000d5580000, 0x00000000ecf00000, 0x0000000100000000)
  eden space 328192K, 27% used [0x00000000d5580000,0x00000000dace6428,0x00000000e9600000)
  from space 27648K, 0% used [0x00000000e9600000,0x00000000e9600000,0x00000000eb100000)
  to   space 19968K, 0% used [0x00000000eb100000,0x00000000eb100000,0x00000000ec480000)
 ParOldGen       total 140288K, used 56761K [0x0000000080000000, 0x0000000088900000, 0x00000000d5580000)
  object space 140288K, 40% used [0x0000000080000000,0x000000008376e490,0x0000000088900000)
 Metaspace       used 66101K, capacity 69110K, committed 69416K, reserved 1110016K
  class space    used 9025K, capacity 9623K, committed 9776K, reserved 1048576K
GC Heap History (10 events):
Event: 4.860 GC heap before
{Heap before GC invocations=9 (full 2):
 PSYoungGen      total 235008K, used 219136K [0x00000000d5580000, 0x00000000e4e80000, 0x0000000100000000)
  eden space 219136K, 100% used [0x00000000d5580000,0x00000000e2b80000,0x00000000e2b80000)
  from space 15872K, 0% used [0x00000000e3a00000,0x00000000e3a00000,0x00000000e4980000)
  to   space 14848K, 0% used [0x00000000e2b80000,0x00000000e2b80000,0x00000000e3a00000)
 ParOldGen       total 140288K, used 14822K [0x0000000080000000, 0x0000000088900000, 0x00000000d5580000)
  object space 140288K, 10% used [0x0000000080000000,0x0000000080e79808,0x0000000088900000)
 Metaspace       used 45495K, capacity 47270K, committed 47528K, reserved 1089536K
  class space    used 6145K, capacity 6541K, committed 6576K, reserved 1048576K
Event: 4.882 GC heap after
Heap after GC invocations=9 (full 2):
 PSYoungGen      total 233984K, used 14841K [0x00000000d5580000, 0x00000000ec480000, 0x0000000100000000)
  eden space 219136K, 0% used [0x00000000d5580000,0x00000000d5580000,0x00000000e2b80000)
  from space 14848K, 99% used [0x00000000e2b80000,0x00000000e39fe588,0x00000000e3a00000)
  to   space 19968K, 0% used [0x00000000eb100000,0x00000000eb100000,0x00000000ec480000)
 ParOldGen       total 140288K, used 20781K [0x0000000080000000, 0x0000000088900000, 0x00000000d5580000)
  object space 140288K, 14% used [0x0000000080000000,0x000000008144b5d8,0x0000000088900000)
 Metaspace       used 45495K, capacity 47270K, committed 47528K, reserved 1089536K
  class space    used 6145K, capacity 6541K, committed 6576K, reserved 1048576K
}
Event: 6.247 GC heap before
{Heap before GC invocations=10 (full 2):
 PSYoungGen      total 233984K, used 196781K [0x00000000d5580000, 0x00000000ec480000, 0x0000000100000000)
  eden space 219136K, 83% used [0x00000000d5580000,0x00000000e072d148,0x00000000e2b80000)
  from space 14848K, 99% used [0x00000000e2b80000,0x00000000e39fe588,0x00000000e3a00000)
  to   space 19968K, 0% used [0x00000000eb100000,0x00000000eb100000,0x00000000ec480000)
 ParOldGen       total 140288K, used 20781K [0x0000000080000000, 0x0000000088900000, 0x00000000d5580000)
  object space 140288K, 14% used [0x0000000080000000,0x000000008144b5d8,0x0000000088900000)
 Metaspace       used 56739K, capacity 59048K, committed 59160K, reserved 1099776K
  class space    used 7752K, capacity 8256K, committed 8368K, reserved 1048576K
Event: 6.274 GC heap after
Heap after GC invocations=10 (full 2):
 PSYoungGen      total 348160K, used 19964K [0x00000000d5580000, 0x00000000ecf00000, 0x0000000100000000)
  eden space 328192K, 0% used [0x00000000d5580000,0x00000000d5580000,0x00000000e9600000)
  from space 19968K, 99% used [0x00000000eb100000,0x00000000ec47f320,0x00000000ec480000)
  to   space 27648K, 0% used [0x00000000e9600000,0x00000000e9600000,0x00000000eb100000)
 ParOldGen       total 140288K, used 31766K [0x0000000080000000, 0x0000000088900000, 0x00000000d5580000)
  object space 140288K, 22% used [0x0000000080000000,0x0000000081f05950,0x0000000088900000)
 Metaspace       used 56739K, capacity 59048K, committed 59160K, reserved 1099776K
  class space    used 7752K, capacity 8256K, committed 8368K, reserved 1048576K
}
Event: 6.274 GC heap before
{Heap before GC invocations=11 (full 3):
 PSYoungGen      total 348160K, used 19964K [0x00000000d5580000, 0x00000000ecf00000, 0x0000000100000000)
  eden space 328192K, 0% used [0x00000000d5580000,0x00000000d5580000,0x00000000e9600000)
  from space 19968K, 99% used [0x00000000eb100000,0x00000000ec47f320,0x00000000ec480000)
  to   space 27648K, 0% used [0x00000000e9600000,0x00000000e9600000,0x00000000eb100000)
 ParOldGen       total 140288K, used 31766K [0x0000000080000000, 0x0000000088900000, 0x00000000d5580000)
  object space 140288K, 22% used [0x0000000080000000,0x0000000081f05950,0x0000000088900000)
 Metaspace       used 56739K, capacity 59048K, committed 59160K, reserved 1099776K
  class space    used 7752K, capacity 8256K, committed 8368K, reserved 1048576K
Event: 6.465 GC heap after
Heap after GC invocations=11 (full 3):
 PSYoungGen      total 348160K, used 0K [0x00000000d5580000, 0x00000000ecf00000, 0x0000000100000000)
  eden space 328192K, 0% used [0x00000000d5580000,0x00000000d5580000,0x00000000e9600000)
  from space 19968K, 0% used [0x00000000eb100000,0x00000000eb100000,0x00000000ec480000)
  to   space 27648K, 0% used [0x00000000e9600000,0x00000000e9600000,0x00000000eb100000)
 ParOldGen       total 140288K, used 42816K [0x0000000080000000, 0x0000000088900000, 0x00000000d5580000)
  object space 140288K, 30% used [0x0000000080000000,0x00000000829d03f0,0x0000000088900000)
 Metaspace       used 56728K, capacity 59012K, committed 59160K, reserved 1099776K
  class space    used 7748K, capacity 8250K, committed 8368K, reserved 1048576K
}
Event: 9.219 GC heap before
{Heap before GC invocations=12 (full 3):
 PSYoungGen      total 348160K, used 284624K [0x00000000d5580000, 0x00000000ecf00000, 0x0000000100000000)
  eden space 328192K, 86% used [0x00000000d5580000,0x00000000e6b743c8,0x00000000e9600000)
  from space 19968K, 0% used [0x00000000eb100000,0x00000000eb100000,0x00000000ec480000)
  to   space 27648K, 0% used [0x00000000e9600000,0x00000000e9600000,0x00000000eb100000)
 ParOldGen       total 140288K, used 42816K [0x0000000080000000, 0x0000000088900000, 0x00000000d5580000)
  object space 140288K, 30% used [0x0000000080000000,0x00000000829d03f0,0x0000000088900000)
 Metaspace       used 65957K, capacity 69038K, committed 69160K, reserved 1112064K
  class space    used 9044K, capacity 9657K, committed 9776K, reserved 1048576K
Event: 9.247 GC heap after
Heap after GC invocations=12 (full 3):
 PSYoungGen      total 355840K, used 24176K [0x00000000d5580000, 0x00000000ecf00000, 0x0000000100000000)
  eden space 328192K, 0% used [0x00000000d5580000,0x00000000d5580000,0x00000000e9600000)
  from space 27648K, 87% used [0x00000000e9600000,0x00000000ead9c2c8,0x00000000eb100000)
  to   space 19968K, 0% used [0x00000000eb100000,0x00000000eb100000,0x00000000ec480000)
 ParOldGen       total 140288K, used 42824K [0x0000000080000000, 0x0000000088900000, 0x00000000d5580000)
  object space 140288K, 30% used [0x0000000080000000,0x00000000829d23f0,0x0000000088900000)
 Metaspace       used 65957K, capacity 69038K, committed 69160K, reserved 1112064K
  class space    used 9044K, capacity 9657K, committed 9776K, reserved 1048576K
}
Event: 9.247 GC heap before
{Heap before GC invocations=13 (full 4):
 PSYoungGen      total 355840K, used 24176K [0x00000000d5580000, 0x00000000ecf00000, 0x0000000100000000)
  eden space 328192K, 0% used [0x00000000d5580000,0x00000000d5580000,0x00000000e9600000)
  from space 27648K, 87% used [0x00000000e9600000,0x00000000ead9c2c8,0x00000000eb100000)
  to   space 19968K, 0% used [0x00000000eb100000,0x00000000eb100000,0x00000000ec480000)
 ParOldGen       total 140288K, used 42824K [0x0000000080000000, 0x0000000088900000, 0x00000000d5580000)
  object space 140288K, 30% used [0x0000000080000000,0x00000000829d23f0,0x0000000088900000)
 Metaspace       used 65957K, capacity 69038K, committed 69160K, reserved 1112064K
  class space    used 9044K, capacity 9657K, committed 9776K, reserved 1048576K
Event: 9.396 GC heap after
Heap after GC invocations=13 (full 4):
 PSYoungGen      total 355840K, used 0K [0x00000000d5580000, 0x00000000ecf00000, 0x0000000100000000)
  eden space 328192K, 0% used [0x00000000d5580000,0x00000000d5580000,0x00000000e9600000)
  from space 27648K, 0% used [0x00000000e9600000,0x00000000e9600000,0x00000000eb100000)
  to   space 19968K, 0% used [0x00000000eb100000,0x00000000eb100000,0x00000000ec480000)
 ParOldGen       total 140288K, used 56761K [0x0000000080000000, 0x0000000088900000, 0x00000000d5580000)
  object space 140288K, 40% used [0x0000000080000000,0x000000008376e490,0x0000000088900000)
 Metaspace       used 65895K, capacity 68850K, committed 69160K, reserved 1110016K
  class space    used 9025K, capacity 9623K, committed 9776K, reserved 1048576K
}

